c:\users\kangj\source\repos\sunrin_programming_dxlib\sunrin_programming_dxlib\debug\vc142.pdb
c:\users\kangj\source\repos\sunrin_programming_dxlib\sunrin_programming_dxlib\debug\vc142.idb
c:\users\kangj\source\repos\sunrin_programming_dxlib\sunrin_programming_dxlib\debug\seatchange_next_2.obj
c:\users\kangj\source\repos\sunrin_programming_dxlib\sunrin_programming_dxlib\debug\seatchange_next_1.obj
c:\users\kangj\source\repos\sunrin_programming_dxlib\sunrin_programming_dxlib\debug\anime.obj
c:\users\kangj\source\repos\sunrin_programming_dxlib\sunrin_programming_dxlib\debug\end.obj
c:\users\kangj\source\repos\sunrin_programming_dxlib\sunrin_programming_dxlib\debug\seatchange.obj
c:\users\kangj\source\repos\sunrin_programming_dxlib\sunrin_programming_dxlib\debug\ins.obj
c:\users\kangj\source\repos\sunrin_programming_dxlib\sunrin_programming_dxlib\debug\main.obj
c:\users\kangj\source\repos\sunrin_programming_dxlib\sunrin_programming_dxlib\debug\menu.obj
c:\users\kangj\source\repos\sunrin_programming_dxlib\sunrin_programming_dxlib\debug\shufflename.obj
c:\users\kangj\source\repos\sunrin_programming_dxlib\debug\sunrin_programming_dxlib.pdb
c:\users\kangj\source\repos\sunrin_programming_dxlib\sunrin_programming_dxlib\debug\sunrin_p.73266b70.tlog\cl.command.1.tlog
c:\users\kangj\source\repos\sunrin_programming_dxlib\sunrin_programming_dxlib\debug\sunrin_p.73266b70.tlog\cl.read.1.tlog
c:\users\kangj\source\repos\sunrin_programming_dxlib\sunrin_programming_dxlib\debug\sunrin_p.73266b70.tlog\cl.write.1.tlog
c:\users\kangj\source\repos\sunrin_programming_dxlib\sunrin_programming_dxlib\debug\sunrin_p.73266b70.tlog\link-cvtres.read.1.tlog
c:\users\kangj\source\repos\sunrin_programming_dxlib\sunrin_programming_dxlib\debug\sunrin_p.73266b70.tlog\link-cvtres.write.1.tlog
c:\users\kangj\source\repos\sunrin_programming_dxlib\sunrin_programming_dxlib\debug\sunrin_p.73266b70.tlog\link-rc.read.1.tlog
c:\users\kangj\source\repos\sunrin_programming_dxlib\sunrin_programming_dxlib\debug\sunrin_p.73266b70.tlog\link-rc.write.1.tlog
c:\users\kangj\source\repos\sunrin_programming_dxlib\sunrin_programming_dxlib\debug\sunrin_p.73266b70.tlog\link.14824-cvtres.read.1.tlog
c:\users\kangj\source\repos\sunrin_programming_dxlib\sunrin_programming_dxlib\debug\sunrin_p.73266b70.tlog\link.14824-cvtres.write.1.tlog
c:\users\kangj\source\repos\sunrin_programming_dxlib\sunrin_programming_dxlib\debug\sunrin_p.73266b70.tlog\link.14824-rc.read.1.tlog
c:\users\kangj\source\repos\sunrin_programming_dxlib\sunrin_programming_dxlib\debug\sunrin_p.73266b70.tlog\link.14824-rc.write.1.tlog
c:\users\kangj\source\repos\sunrin_programming_dxlib\sunrin_programming_dxlib\debug\sunrin_p.73266b70.tlog\link.14824.read.1.tlog
c:\users\kangj\source\repos\sunrin_programming_dxlib\sunrin_programming_dxlib\debug\sunrin_p.73266b70.tlog\link.14824.write.1.tlog
c:\users\kangj\source\repos\sunrin_programming_dxlib\sunrin_programming_dxlib\debug\sunrin_p.73266b70.tlog\link.command.1.tlog
c:\users\kangj\source\repos\sunrin_programming_dxlib\sunrin_programming_dxlib\debug\sunrin_p.73266b70.tlog\link.read.1.tlog
c:\users\kangj\source\repos\sunrin_programming_dxlib\sunrin_programming_dxlib\debug\sunrin_p.73266b70.tlog\link.write.1.tlog
